<?xml version="1.0" encoding="UTF-8"?>
<testng-results ignored="0" total="1" passed="1" failed="0" skipped="0">
  <reporter-output>
  </reporter-output>
  <suite started-at="2022-11-30T17:19:01 IST" name="Suite" finished-at="2022-11-30T17:19:19 IST" duration-ms="17704">
    <groups>
    </groups>
    <test started-at="2022-11-30T17:19:01 IST" name="Test" finished-at="2022-11-30T17:19:19 IST" duration-ms="17704">
      <class name="testcases.LoginTest">
        <test-method signature="TC001()[pri:0, instance:testcases.LoginTest@313ac989]" started-at="2022-11-30T17:19:02 IST" name="TC001" finished-at="2022-11-30T17:19:19 IST" duration-ms="17597" status="PASS">
          <reporter-output>
          </reporter-output>
        </test-method> <!-- TC001 -->
      </class> <!-- testcases.LoginTest -->
    </test> <!-- Test -->
  </suite> <!-- Suite -->
</testng-results>
